[ 2015-08-12T09:08:55+08:00 ] ::1 /wifi/css/bootstrap.min.css
INFO: [ app_init ] --START--
INFO: Run Behavior\BuildLiteBehavior [ RunTime:0.000262s ]
INFO: [ app_init ] --END-- [ RunTime:0.001987s ]
ERR: 无法加载模块:Css

[ 2015-08-12T09:08:55+08:00 ] ::1 /wifi/js/bootstrap.min.js
INFO: [ app_init ] --START--
INFO: Run Behavior\BuildLiteBehavior [ RunTime:0.000220s ]
INFO: [ app_init ] --END-- [ RunTime:0.001769s ]
ERR: 无法加载模块:Js

[ 2015-08-12T09:13:06+08:00 ] ::1 /wifi/css/bootstrap.min.css
INFO: [ app_init ] --START--
INFO: Run Behavior\BuildLiteBehavior [ RunTime:0.000238s ]
INFO: [ app_init ] --END-- [ RunTime:0.002078s ]
ERR: 无法加载模块:Css

[ 2015-08-12T09:13:06+08:00 ] ::1 /wifi/js/bootstrap.min.js
INFO: [ app_init ] --START--
INFO: Run Behavior\BuildLiteBehavior [ RunTime:0.000175s ]
INFO: [ app_init ] --END-- [ RunTime:0.001492s ]
ERR: 无法加载模块:Js

[ 2015-08-12T09:13:15+08:00 ] ::1 /wifi/css/bootstrap.min.css
INFO: [ app_init ] --START--
INFO: Run Behavior\BuildLiteBehavior [ RunTime:0.000265s ]
INFO: [ app_init ] --END-- [ RunTime:0.002634s ]
ERR: 无法加载模块:Css

